<?xml version="1.0" encoding="UTF-8"?>
<!-- Generated by org.testng.reporters.JUnitXMLReporter -->
<testsuite ignored="0" hostname="DESKTOP-T5J9HRI" failures="0" tests="6" name="MyTest" time="76.574" errors="0" timestamp="2023-10-29T19:15:11 CDT">
  <testcase classname="com.automation.tests.Scripts.SalesForceAutomationScript" name="CheckRemeberMe" time="10.724"/>
  <testcase classname="com.automation.tests.Scripts.SalesForceAutomationScript" name="ForgotPassword" time="16.973"/>
  <testcase classname="com.automation.tests.Scripts.SalesForceAutomationScript" name="IncorrectUsernameAndPasswd" time="6.766"/>
  <testcase classname="com.automation.tests.Scripts.SalesForceAutomationScript" name="Selectusermenuforusernamdropdown" time="8.717"/>
  <testcase classname="com.automation.tests.Scripts.SalesForceAutomationScript" name="login_to_salesforce_failed" time="3.459"/>
  <testcase classname="com.automation.tests.Scripts.SalesForceAutomationScript" name="login_to_salesforce_success" time="10.524"/>
</testsuite> <!-- MyTest -->
