<?xml version="1.0" encoding="UTF-8"?>
<!-- Generated by org.testng.reporters.JUnitXMLReporter -->
<testsuite ignored="0" hostname="DESKTOP-T5J9HRI" failures="2" tests="6" name="MyTest1" time="87.876" errors="0" timestamp="2023-10-29T19:16:38 CDT">
  <testcase classname="com.automation.tests.Scripts.SalesForceAutomationScript" name="CheckRemeberMe" time="9.919"/>
  <testcase classname="com.automation.tests.Scripts.SalesForceAutomationScript" name="ForgotPassword" time="16.421"/>
  <testcase classname="com.automation.tests.Scripts.SalesForceAutomationScript" name="IncorrectUsernameAndPasswd" time="5.94">
    <failure type="java.lang.AssertionError" message="expected [Please check your username and password. If you still can&amp;apos;t log in, contact your Salesforce administrator.] but found [Please enter your password.]">
      <![CDATA[java.lang.AssertionError: expected [Please check your username and password. If you still can't log in, contact your Salesforce administrator.] but found [Please enter your password.]
at com.automation.tests.Scripts.SalesForceAutomationScript.IncorrectUsernameAndPasswd(SalesForceAutomationScript.java:179)
at java.base/java.util.ArrayList.forEach(ArrayList.java:1511)
... Removed 33 stack frames]]>
    </failure>
  </testcase> <!-- IncorrectUsernameAndPasswd -->
  <testcase classname="com.automation.tests.Scripts.SalesForceAutomationScript" name="Selectusermenuforusernamdropdown" time="7.858"/>
  <testcase classname="com.automation.tests.Scripts.SalesForceAutomationScript" name="login_to_salesforce_failed" time="3.486"/>
  <testcase classname="com.automation.tests.Scripts.SalesForceAutomationScript" name="login_to_salesforce_success" time="8.094">
    <failure type="java.lang.AssertionError" message="expected [Home Page ~ Salesforce - Developer Edition] but found [Login | Salesforce]">
      <![CDATA[java.lang.AssertionError: expected [Home Page ~ Salesforce - Developer Edition] but found [Login | Salesforce]
at com.automation.tests.Scripts.SalesForceAutomationScript.login_to_salesforce_success(SalesForceAutomationScript.java:81)
at java.base/java.util.ArrayList.forEach(ArrayList.java:1511)
... Removed 33 stack frames]]>
    </failure>
  </testcase> <!-- login_to_salesforce_success -->
</testsuite> <!-- MyTest1 -->
