<?xml version="1.0" encoding="UTF-8"?>
<!-- Generated by org.testng.reporters.JUnitXMLReporter -->
<testsuite ignored="5" hostname="DESKTOP-T5J9HRI" failures="0" tests="1" name="Default test" time="14.216" errors="0" timestamp="2023-10-29T19:10:41 CDT">
  <testcase classname="com.automation.tests.Scripts.SalesForceAutomationScript" name="Selectusermenuforusernamdropdown" time="9.379"/>
  <testcase classname="com.automation.tests.Scripts.SalesForceAutomationScript" name="login_to_salesforce_success" time="0.0">
    <ignored/>
  </testcase> <!-- login_to_salesforce_success -->
  <testcase classname="com.automation.tests.Scripts.SalesForceAutomationScript" name="ForgotPassword" time="0.0">
    <ignored/>
  </testcase> <!-- ForgotPassword -->
  <testcase classname="com.automation.tests.Scripts.SalesForceAutomationScript" name="IncorrectUsernameAndPasswd" time="0.0">
    <ignored/>
  </testcase> <!-- IncorrectUsernameAndPasswd -->
  <testcase classname="com.automation.tests.Scripts.SalesForceAutomationScript" name="login_to_salesforce_failed" time="0.0">
    <ignored/>
  </testcase> <!-- login_to_salesforce_failed -->
  <testcase classname="com.automation.tests.Scripts.SalesForceAutomationScript" name="CheckRemeberMe" time="0.0">
    <ignored/>
  </testcase> <!-- CheckRemeberMe -->
</testsuite> <!-- Default test -->
