<?xml version="1.0" encoding="UTF-8"?>
<testng-results ignored="0" total="12" passed="10" failed="2" skipped="0">
  <reporter-output>
  </reporter-output>
  <suite started-at="2023-10-29T19:13:54 CDT" name="MySuite" finished-at="2023-10-29T19:16:38 CDT" duration-ms="164483">
    <groups>
    </groups>
    <test started-at="2023-10-29T19:13:54 CDT" name="MyTest" finished-at="2023-10-29T19:15:10 CDT" duration-ms="76574">
      <class name="com.automation.tests.Scripts.SalesForceAutomationScript">
        <test-method is-config="true" signature="setupBeforeTest()[pri:0, instance:com.automation.tests.Scripts.SalesForceAutomationScript@f5958c9]" started-at="2023-10-29T19:13:54 CDT" name="setupBeforeTest" finished-at="2023-10-29T19:13:55 CDT" duration-ms="623" status="PASS">
          <reporter-output>
          </reporter-output>
        </test-method> <!-- setupBeforeTest -->
        <test-method is-config="true" signature="setUpBeforeTestMethod(java.lang.String)[pri:0, instance:com.automation.tests.Scripts.SalesForceAutomationScript@f5958c9]" started-at="2023-10-29T19:13:55 CDT" name="setUpBeforeTestMethod" finished-at="2023-10-29T19:13:59 CDT" duration-ms="3956" status="PASS">
          <params>
            <param index="0">
              <value>
                <![CDATA[chrome]]>
              </value>
            </param>
          </params>
          <reporter-output>
          </reporter-output>
        </test-method> <!-- setUpBeforeTestMethod -->
        <test-method signature="CheckRemeberMe()[pri:0, instance:com.automation.tests.Scripts.SalesForceAutomationScript@f5958c9]" started-at="2023-10-29T19:13:59 CDT" name="CheckRemeberMe" finished-at="2023-10-29T19:14:09 CDT" duration-ms="10724" status="PASS">
          <reporter-output>
          </reporter-output>
        </test-method> <!-- CheckRemeberMe -->
        <test-method is-config="true" signature="tearDownAfterTestMethod()[pri:0, instance:com.automation.tests.Scripts.SalesForceAutomationScript@f5958c9]" started-at="2023-10-29T19:14:09 CDT" name="tearDownAfterTestMethod" finished-at="2023-10-29T19:14:10 CDT" duration-ms="238" status="PASS">
          <reporter-output>
          </reporter-output>
        </test-method> <!-- tearDownAfterTestMethod -->
        <test-method is-config="true" signature="setUpBeforeTestMethod(java.lang.String)[pri:0, instance:com.automation.tests.Scripts.SalesForceAutomationScript@f5958c9]" started-at="2023-10-29T19:14:10 CDT" name="setUpBeforeTestMethod" finished-at="2023-10-29T19:14:12 CDT" duration-ms="2792" status="PASS">
          <params>
            <param index="0">
              <value>
                <![CDATA[chrome]]>
              </value>
            </param>
          </params>
          <reporter-output>
          </reporter-output>
        </test-method> <!-- setUpBeforeTestMethod -->
        <test-method signature="ForgotPassword()[pri:0, instance:com.automation.tests.Scripts.SalesForceAutomationScript@f5958c9]" started-at="2023-10-29T19:14:12 CDT" name="ForgotPassword" finished-at="2023-10-29T19:14:29 CDT" duration-ms="16973" status="PASS">
          <reporter-output>
          </reporter-output>
        </test-method> <!-- ForgotPassword -->
        <test-method is-config="true" signature="tearDownAfterTestMethod()[pri:0, instance:com.automation.tests.Scripts.SalesForceAutomationScript@f5958c9]" started-at="2023-10-29T19:14:29 CDT" name="tearDownAfterTestMethod" finished-at="2023-10-29T19:14:29 CDT" duration-ms="201" status="PASS">
          <reporter-output>
          </reporter-output>
        </test-method> <!-- tearDownAfterTestMethod -->
        <test-method is-config="true" signature="setUpBeforeTestMethod(java.lang.String)[pri:0, instance:com.automation.tests.Scripts.SalesForceAutomationScript@f5958c9]" started-at="2023-10-29T19:14:29 CDT" name="setUpBeforeTestMethod" finished-at="2023-10-29T19:14:32 CDT" duration-ms="2573" status="PASS">
          <params>
            <param index="0">
              <value>
                <![CDATA[chrome]]>
              </value>
            </param>
          </params>
          <reporter-output>
          </reporter-output>
        </test-method> <!-- setUpBeforeTestMethod -->
        <test-method signature="IncorrectUsernameAndPasswd()[pri:0, instance:com.automation.tests.Scripts.SalesForceAutomationScript@f5958c9]" started-at="2023-10-29T19:14:32 CDT" name="IncorrectUsernameAndPasswd" finished-at="2023-10-29T19:14:39 CDT" duration-ms="6766" status="PASS">
          <reporter-output>
          </reporter-output>
        </test-method> <!-- IncorrectUsernameAndPasswd -->
        <test-method is-config="true" signature="tearDownAfterTestMethod()[pri:0, instance:com.automation.tests.Scripts.SalesForceAutomationScript@f5958c9]" started-at="2023-10-29T19:14:39 CDT" name="tearDownAfterTestMethod" finished-at="2023-10-29T19:14:39 CDT" duration-ms="226" status="PASS">
          <reporter-output>
          </reporter-output>
        </test-method> <!-- tearDownAfterTestMethod -->
        <test-method is-config="true" signature="setUpBeforeTestMethod(java.lang.String)[pri:0, instance:com.automation.tests.Scripts.SalesForceAutomationScript@f5958c9]" started-at="2023-10-29T19:14:39 CDT" name="setUpBeforeTestMethod" finished-at="2023-10-29T19:14:42 CDT" duration-ms="2463" status="PASS">
          <params>
            <param index="0">
              <value>
                <![CDATA[chrome]]>
              </value>
            </param>
          </params>
          <reporter-output>
          </reporter-output>
        </test-method> <!-- setUpBeforeTestMethod -->
        <test-method signature="Selectusermenuforusernamdropdown()[pri:0, instance:com.automation.tests.Scripts.SalesForceAutomationScript@f5958c9]" started-at="2023-10-29T19:14:42 CDT" name="Selectusermenuforusernamdropdown" finished-at="2023-10-29T19:14:50 CDT" duration-ms="8717" status="PASS">
          <reporter-output>
          </reporter-output>
        </test-method> <!-- Selectusermenuforusernamdropdown -->
        <test-method is-config="true" signature="tearDownAfterTestMethod()[pri:0, instance:com.automation.tests.Scripts.SalesForceAutomationScript@f5958c9]" started-at="2023-10-29T19:14:50 CDT" name="tearDownAfterTestMethod" finished-at="2023-10-29T19:14:50 CDT" duration-ms="171" status="PASS">
          <reporter-output>
          </reporter-output>
        </test-method> <!-- tearDownAfterTestMethod -->
        <test-method is-config="true" signature="setUpBeforeTestMethod(java.lang.String)[pri:0, instance:com.automation.tests.Scripts.SalesForceAutomationScript@f5958c9]" started-at="2023-10-29T19:14:50 CDT" name="setUpBeforeTestMethod" finished-at="2023-10-29T19:14:53 CDT" duration-ms="2661" status="PASS">
          <params>
            <param index="0">
              <value>
                <![CDATA[chrome]]>
              </value>
            </param>
          </params>
          <reporter-output>
          </reporter-output>
        </test-method> <!-- setUpBeforeTestMethod -->
        <test-method signature="login_to_salesforce_failed()[pri:0, instance:com.automation.tests.Scripts.SalesForceAutomationScript@f5958c9]" started-at="2023-10-29T19:14:53 CDT" name="login_to_salesforce_failed" finished-at="2023-10-29T19:14:57 CDT" duration-ms="3459" status="PASS">
          <reporter-output>
          </reporter-output>
        </test-method> <!-- login_to_salesforce_failed -->
        <test-method is-config="true" signature="tearDownAfterTestMethod()[pri:0, instance:com.automation.tests.Scripts.SalesForceAutomationScript@f5958c9]" started-at="2023-10-29T19:14:57 CDT" name="tearDownAfterTestMethod" finished-at="2023-10-29T19:14:57 CDT" duration-ms="189" status="PASS">
          <reporter-output>
          </reporter-output>
        </test-method> <!-- tearDownAfterTestMethod -->
        <test-method is-config="true" signature="setUpBeforeTestMethod(java.lang.String)[pri:0, instance:com.automation.tests.Scripts.SalesForceAutomationScript@f5958c9]" started-at="2023-10-29T19:14:57 CDT" name="setUpBeforeTestMethod" finished-at="2023-10-29T19:15:00 CDT" duration-ms="2861" status="PASS">
          <params>
            <param index="0">
              <value>
                <![CDATA[chrome]]>
              </value>
            </param>
          </params>
          <reporter-output>
          </reporter-output>
        </test-method> <!-- setUpBeforeTestMethod -->
        <test-method signature="login_to_salesforce_success()[pri:0, instance:com.automation.tests.Scripts.SalesForceAutomationScript@f5958c9]" started-at="2023-10-29T19:15:00 CDT" name="login_to_salesforce_success" finished-at="2023-10-29T19:15:10 CDT" duration-ms="10524" status="PASS">
          <reporter-output>
          </reporter-output>
        </test-method> <!-- login_to_salesforce_success -->
        <test-method is-config="true" signature="tearDownAfterTestMethod()[pri:0, instance:com.automation.tests.Scripts.SalesForceAutomationScript@f5958c9]" started-at="2023-10-29T19:15:10 CDT" name="tearDownAfterTestMethod" finished-at="2023-10-29T19:15:10 CDT" duration-ms="360" status="PASS">
          <reporter-output>
          </reporter-output>
        </test-method> <!-- tearDownAfterTestMethod -->
      </class> <!-- com.automation.tests.Scripts.SalesForceAutomationScript -->
    </test> <!-- MyTest -->
    <test started-at="2023-10-29T19:15:11 CDT" name="MyTest1" finished-at="2023-10-29T19:16:38 CDT" duration-ms="87876">
      <class name="com.automation.tests.Scripts.SalesForceAutomationScript">
        <test-method is-config="true" signature="setupBeforeTest()[pri:0, instance:com.automation.tests.Scripts.SalesForceAutomationScript@70325e14]" started-at="2023-10-29T19:15:11 CDT" name="setupBeforeTest" finished-at="2023-10-29T19:15:11 CDT" duration-ms="1" status="PASS">
          <reporter-output>
          </reporter-output>
        </test-method> <!-- setupBeforeTest -->
        <test-method is-config="true" signature="setUpBeforeTestMethod(java.lang.String)[pri:0, instance:com.automation.tests.Scripts.SalesForceAutomationScript@70325e14]" started-at="2023-10-29T19:15:11 CDT" name="setUpBeforeTestMethod" finished-at="2023-10-29T19:15:16 CDT" duration-ms="5029" status="PASS">
          <params>
            <param index="0">
              <value>
                <![CDATA[firefox]]>
              </value>
            </param>
          </params>
          <reporter-output>
          </reporter-output>
        </test-method> <!-- setUpBeforeTestMethod -->
        <test-method signature="CheckRemeberMe()[pri:0, instance:com.automation.tests.Scripts.SalesForceAutomationScript@70325e14]" started-at="2023-10-29T19:15:16 CDT" name="CheckRemeberMe" finished-at="2023-10-29T19:15:25 CDT" duration-ms="9919" status="PASS">
          <reporter-output>
          </reporter-output>
        </test-method> <!-- CheckRemeberMe -->
        <test-method is-config="true" signature="tearDownAfterTestMethod()[pri:0, instance:com.automation.tests.Scripts.SalesForceAutomationScript@70325e14]" started-at="2023-10-29T19:15:25 CDT" name="tearDownAfterTestMethod" finished-at="2023-10-29T19:15:27 CDT" duration-ms="1247" status="PASS">
          <reporter-output>
          </reporter-output>
        </test-method> <!-- tearDownAfterTestMethod -->
        <test-method is-config="true" signature="setUpBeforeTestMethod(java.lang.String)[pri:0, instance:com.automation.tests.Scripts.SalesForceAutomationScript@70325e14]" started-at="2023-10-29T19:15:27 CDT" name="setUpBeforeTestMethod" finished-at="2023-10-29T19:15:31 CDT" duration-ms="4763" status="PASS">
          <params>
            <param index="0">
              <value>
                <![CDATA[firefox]]>
              </value>
            </param>
          </params>
          <reporter-output>
          </reporter-output>
        </test-method> <!-- setUpBeforeTestMethod -->
        <test-method signature="ForgotPassword()[pri:0, instance:com.automation.tests.Scripts.SalesForceAutomationScript@70325e14]" started-at="2023-10-29T19:15:31 CDT" name="ForgotPassword" finished-at="2023-10-29T19:15:48 CDT" duration-ms="16421" status="PASS">
          <reporter-output>
          </reporter-output>
        </test-method> <!-- ForgotPassword -->
        <test-method is-config="true" signature="tearDownAfterTestMethod()[pri:0, instance:com.automation.tests.Scripts.SalesForceAutomationScript@70325e14]" started-at="2023-10-29T19:15:48 CDT" name="tearDownAfterTestMethod" finished-at="2023-10-29T19:15:49 CDT" duration-ms="1025" status="PASS">
          <reporter-output>
          </reporter-output>
        </test-method> <!-- tearDownAfterTestMethod -->
        <test-method is-config="true" signature="setUpBeforeTestMethod(java.lang.String)[pri:0, instance:com.automation.tests.Scripts.SalesForceAutomationScript@70325e14]" started-at="2023-10-29T19:15:49 CDT" name="setUpBeforeTestMethod" finished-at="2023-10-29T19:15:54 CDT" duration-ms="4984" status="PASS">
          <params>
            <param index="0">
              <value>
                <![CDATA[firefox]]>
              </value>
            </param>
          </params>
          <reporter-output>
          </reporter-output>
        </test-method> <!-- setUpBeforeTestMethod -->
        <test-method signature="IncorrectUsernameAndPasswd()[pri:0, instance:com.automation.tests.Scripts.SalesForceAutomationScript@70325e14]" started-at="2023-10-29T19:15:54 CDT" name="IncorrectUsernameAndPasswd" finished-at="2023-10-29T19:16:00 CDT" duration-ms="5940" status="FAIL">
          <exception class="java.lang.AssertionError">
            <message>
              <![CDATA[expected [Please check your username and password. If you still can't log in, contact your Salesforce administrator.] but found [Please enter your password.]]]>
            </message>
            <full-stacktrace>
              <![CDATA[java.lang.AssertionError: expected [Please check your username and password. If you still can't log in, contact your Salesforce administrator.] but found [Please enter your password.]
at org.testng.Assert.fail(Assert.java:111)
at org.testng.Assert.failNotEquals(Assert.java:1578)
at org.testng.Assert.assertEqualsImpl(Assert.java:150)
at org.testng.Assert.assertEquals(Assert.java:132)
at org.testng.Assert.assertEquals(Assert.java:656)
at org.testng.Assert.assertEquals(Assert.java:666)
at com.automation.tests.Scripts.SalesForceAutomationScript.IncorrectUsernameAndPasswd(SalesForceAutomationScript.java:179)
at java.base/jdk.internal.reflect.NativeMethodAccessorImpl.invoke0(Native Method)
at java.base/jdk.internal.reflect.NativeMethodAccessorImpl.invoke(NativeMethodAccessorImpl.java:77)
at java.base/jdk.internal.reflect.DelegatingMethodAccessorImpl.invoke(DelegatingMethodAccessorImpl.java:43)
at java.base/java.lang.reflect.Method.invoke(Method.java:568)
at org.testng.internal.invokers.MethodInvocationHelper.invokeMethod(MethodInvocationHelper.java:139)
at org.testng.internal.invokers.TestInvoker.invokeMethod(TestInvoker.java:664)
at org.testng.internal.invokers.TestInvoker.invokeTestMethod(TestInvoker.java:227)
at org.testng.internal.invokers.MethodRunner.runInSequence(MethodRunner.java:50)
at org.testng.internal.invokers.TestInvoker$MethodInvocationAgent.invoke(TestInvoker.java:957)
at org.testng.internal.invokers.TestInvoker.invokeTestMethods(TestInvoker.java:200)
at org.testng.internal.invokers.TestMethodWorker.invokeTestMethods(TestMethodWorker.java:148)
at org.testng.internal.invokers.TestMethodWorker.run(TestMethodWorker.java:128)
at java.base/java.util.ArrayList.forEach(ArrayList.java:1511)
at org.testng.TestRunner.privateRun(TestRunner.java:848)
at org.testng.TestRunner.run(TestRunner.java:621)
at org.testng.SuiteRunner.runTest(SuiteRunner.java:443)
at org.testng.SuiteRunner.runSequentially(SuiteRunner.java:437)
at org.testng.SuiteRunner.privateRun(SuiteRunner.java:397)
at org.testng.SuiteRunner.run(SuiteRunner.java:336)
at org.testng.SuiteRunnerWorker.runSuite(SuiteRunnerWorker.java:52)
at org.testng.SuiteRunnerWorker.run(SuiteRunnerWorker.java:95)
at org.testng.TestNG.runSuitesSequentially(TestNG.java:1280)
at org.testng.TestNG.runSuitesLocally(TestNG.java:1200)
at org.testng.TestNG.runSuites(TestNG.java:1114)
at org.testng.TestNG.run(TestNG.java:1082)
at org.testng.remote.AbstractRemoteTestNG.run(AbstractRemoteTestNG.java:115)
at org.testng.remote.RemoteTestNG.initAndRun(RemoteTestNG.java:251)
at org.testng.remote.RemoteTestNG.main(RemoteTestNG.java:77)
]]>
            </full-stacktrace>
          </exception> <!-- java.lang.AssertionError -->
          <reporter-output>
          </reporter-output>
        </test-method> <!-- IncorrectUsernameAndPasswd -->
        <test-method is-config="true" signature="tearDownAfterTestMethod()[pri:0, instance:com.automation.tests.Scripts.SalesForceAutomationScript@70325e14]" started-at="2023-10-29T19:16:00 CDT" name="tearDownAfterTestMethod" finished-at="2023-10-29T19:16:01 CDT" duration-ms="1151" status="PASS">
          <reporter-output>
          </reporter-output>
        </test-method> <!-- tearDownAfterTestMethod -->
        <test-method is-config="true" signature="setUpBeforeTestMethod(java.lang.String)[pri:0, instance:com.automation.tests.Scripts.SalesForceAutomationScript@70325e14]" started-at="2023-10-29T19:16:01 CDT" name="setUpBeforeTestMethod" finished-at="2023-10-29T19:16:06 CDT" duration-ms="4799" status="PASS">
          <params>
            <param index="0">
              <value>
                <![CDATA[firefox]]>
              </value>
            </param>
          </params>
          <reporter-output>
          </reporter-output>
        </test-method> <!-- setUpBeforeTestMethod -->
        <test-method signature="Selectusermenuforusernamdropdown()[pri:0, instance:com.automation.tests.Scripts.SalesForceAutomationScript@70325e14]" started-at="2023-10-29T19:16:06 CDT" name="Selectusermenuforusernamdropdown" finished-at="2023-10-29T19:16:14 CDT" duration-ms="7858" status="PASS">
          <reporter-output>
          </reporter-output>
        </test-method> <!-- Selectusermenuforusernamdropdown -->
        <test-method is-config="true" signature="tearDownAfterTestMethod()[pri:0, instance:com.automation.tests.Scripts.SalesForceAutomationScript@70325e14]" started-at="2023-10-29T19:16:14 CDT" name="tearDownAfterTestMethod" finished-at="2023-10-29T19:16:15 CDT" duration-ms="1139" status="PASS">
          <reporter-output>
          </reporter-output>
        </test-method> <!-- tearDownAfterTestMethod -->
        <test-method is-config="true" signature="setUpBeforeTestMethod(java.lang.String)[pri:0, instance:com.automation.tests.Scripts.SalesForceAutomationScript@70325e14]" started-at="2023-10-29T19:16:15 CDT" name="setUpBeforeTestMethod" finished-at="2023-10-29T19:16:19 CDT" duration-ms="4652" status="PASS">
          <params>
            <param index="0">
              <value>
                <![CDATA[firefox]]>
              </value>
            </param>
          </params>
          <reporter-output>
          </reporter-output>
        </test-method> <!-- setUpBeforeTestMethod -->
        <test-method signature="login_to_salesforce_failed()[pri:0, instance:com.automation.tests.Scripts.SalesForceAutomationScript@70325e14]" started-at="2023-10-29T19:16:19 CDT" name="login_to_salesforce_failed" finished-at="2023-10-29T19:16:23 CDT" duration-ms="3486" status="PASS">
          <reporter-output>
          </reporter-output>
        </test-method> <!-- login_to_salesforce_failed -->
        <test-method is-config="true" signature="tearDownAfterTestMethod()[pri:0, instance:com.automation.tests.Scripts.SalesForceAutomationScript@70325e14]" started-at="2023-10-29T19:16:23 CDT" name="tearDownAfterTestMethod" finished-at="2023-10-29T19:16:24 CDT" duration-ms="1397" status="PASS">
          <reporter-output>
          </reporter-output>
        </test-method> <!-- tearDownAfterTestMethod -->
        <test-method is-config="true" signature="setUpBeforeTestMethod(java.lang.String)[pri:0, instance:com.automation.tests.Scripts.SalesForceAutomationScript@70325e14]" started-at="2023-10-29T19:16:24 CDT" name="setUpBeforeTestMethod" finished-at="2023-10-29T19:16:29 CDT" duration-ms="4774" status="PASS">
          <params>
            <param index="0">
              <value>
                <![CDATA[firefox]]>
              </value>
            </param>
          </params>
          <reporter-output>
          </reporter-output>
        </test-method> <!-- setUpBeforeTestMethod -->
        <test-method signature="login_to_salesforce_success()[pri:0, instance:com.automation.tests.Scripts.SalesForceAutomationScript@70325e14]" started-at="2023-10-29T19:16:29 CDT" name="login_to_salesforce_success" finished-at="2023-10-29T19:16:37 CDT" duration-ms="8094" status="FAIL">
          <exception class="java.lang.AssertionError">
            <message>
              <![CDATA[expected [Home Page ~ Salesforce - Developer Edition] but found [Login | Salesforce]]]>
            </message>
            <full-stacktrace>
              <![CDATA[java.lang.AssertionError: expected [Home Page ~ Salesforce - Developer Edition] but found [Login | Salesforce]
at org.testng.Assert.fail(Assert.java:111)
at org.testng.Assert.failNotEquals(Assert.java:1578)
at org.testng.Assert.assertEqualsImpl(Assert.java:150)
at org.testng.Assert.assertEquals(Assert.java:132)
at org.testng.Assert.assertEquals(Assert.java:656)
at org.testng.Assert.assertEquals(Assert.java:666)
at com.automation.tests.Scripts.SalesForceAutomationScript.login_to_salesforce_success(SalesForceAutomationScript.java:81)
at java.base/jdk.internal.reflect.NativeMethodAccessorImpl.invoke0(Native Method)
at java.base/jdk.internal.reflect.NativeMethodAccessorImpl.invoke(NativeMethodAccessorImpl.java:77)
at java.base/jdk.internal.reflect.DelegatingMethodAccessorImpl.invoke(DelegatingMethodAccessorImpl.java:43)
at java.base/java.lang.reflect.Method.invoke(Method.java:568)
at org.testng.internal.invokers.MethodInvocationHelper.invokeMethod(MethodInvocationHelper.java:139)
at org.testng.internal.invokers.TestInvoker.invokeMethod(TestInvoker.java:664)
at org.testng.internal.invokers.TestInvoker.invokeTestMethod(TestInvoker.java:227)
at org.testng.internal.invokers.MethodRunner.runInSequence(MethodRunner.java:50)
at org.testng.internal.invokers.TestInvoker$MethodInvocationAgent.invoke(TestInvoker.java:957)
at org.testng.internal.invokers.TestInvoker.invokeTestMethods(TestInvoker.java:200)
at org.testng.internal.invokers.TestMethodWorker.invokeTestMethods(TestMethodWorker.java:148)
at org.testng.internal.invokers.TestMethodWorker.run(TestMethodWorker.java:128)
at java.base/java.util.ArrayList.forEach(ArrayList.java:1511)
at org.testng.TestRunner.privateRun(TestRunner.java:848)
at org.testng.TestRunner.run(TestRunner.java:621)
at org.testng.SuiteRunner.runTest(SuiteRunner.java:443)
at org.testng.SuiteRunner.runSequentially(SuiteRunner.java:437)
at org.testng.SuiteRunner.privateRun(SuiteRunner.java:397)
at org.testng.SuiteRunner.run(SuiteRunner.java:336)
at org.testng.SuiteRunnerWorker.runSuite(SuiteRunnerWorker.java:52)
at org.testng.SuiteRunnerWorker.run(SuiteRunnerWorker.java:95)
at org.testng.TestNG.runSuitesSequentially(TestNG.java:1280)
at org.testng.TestNG.runSuitesLocally(TestNG.java:1200)
at org.testng.TestNG.runSuites(TestNG.java:1114)
at org.testng.TestNG.run(TestNG.java:1082)
at org.testng.remote.AbstractRemoteTestNG.run(AbstractRemoteTestNG.java:115)
at org.testng.remote.RemoteTestNG.initAndRun(RemoteTestNG.java:251)
at org.testng.remote.RemoteTestNG.main(RemoteTestNG.java:77)
]]>
            </full-stacktrace>
          </exception> <!-- java.lang.AssertionError -->
          <reporter-output>
          </reporter-output>
        </test-method> <!-- login_to_salesforce_success -->
        <test-method is-config="true" signature="tearDownAfterTestMethod()[pri:0, instance:com.automation.tests.Scripts.SalesForceAutomationScript@70325e14]" started-at="2023-10-29T19:16:37 CDT" name="tearDownAfterTestMethod" finished-at="2023-10-29T19:16:38 CDT" duration-ms="1156" status="PASS">
          <reporter-output>
          </reporter-output>
        </test-method> <!-- tearDownAfterTestMethod -->
      </class> <!-- com.automation.tests.Scripts.SalesForceAutomationScript -->
    </test> <!-- MyTest1 -->
  </suite> <!-- MySuite -->
</testng-results>
